<?xml version="1.0" encoding="UTF-8"?>
<testng-results skipped="0" failed="0" total="3" passed="3">
  <reporter-output>
  </reporter-output>
  <suite name="Default suite" duration-ms="3879" started-at="2017-11-24T19:20:25Z" finished-at="2017-11-24T19:20:29Z">
    <groups>
    </groups>
    <test name="Default test" duration-ms="3879" started-at="2017-11-24T19:20:25Z" finished-at="2017-11-24T19:20:29Z">
      <class name="twitterapi.TwitterDeleteTweet">
        <test-method status="PASS" signature="setup()[pri:0, instance:twitterapi.TwitterDeleteTweet@62ee68d8]" name="setup" is-config="true" duration-ms="427" started-at="2017-11-24T11:20:25Z" finished-at="2017-11-24T11:20:26Z">
          <reporter-output>
          </reporter-output>
        </test-method> <!-- setup -->
        <test-method status="PASS" signature="postTweet()[pri:0, instance:twitterapi.TwitterDeleteTweet@62ee68d8]" name="postTweet" duration-ms="2775" started-at="2017-11-24T11:20:26Z" finished-at="2017-11-24T11:20:28Z">
          <reporter-output>
          </reporter-output>
        </test-method> <!-- postTweet -->
        <test-method status="PASS" signature="readTweet()[pri:0, instance:twitterapi.TwitterDeleteTweet@62ee68d8]" name="readTweet" duration-ms="346" started-at="2017-11-24T11:20:28Z" depends-on-methods="twitterapi.TwitterDeleteTweet.postTweet" finished-at="2017-11-24T11:20:29Z">
          <reporter-output>
          </reporter-output>
        </test-method> <!-- readTweet -->
        <test-method status="PASS" signature="deleteTweet()[pri:0, instance:twitterapi.TwitterDeleteTweet@62ee68d8]" name="deleteTweet" duration-ms="304" started-at="2017-11-24T11:20:29Z" depends-on-methods="twitterapi.TwitterDeleteTweet.readTweet" finished-at="2017-11-24T11:20:29Z">
          <reporter-output>
          </reporter-output>
        </test-method> <!-- deleteTweet -->
      </class> <!-- twitterapi.TwitterDeleteTweet -->
    </test> <!-- Default test -->
  </suite> <!-- Default suite -->
</testng-results>
