<?xml version="1.0" encoding="UTF-8"?>
<testng-results skipped="0" failed="0" total="1" passed="1">
  <reporter-output>
  </reporter-output>
  <suite name="Default suite" duration-ms="3540" started-at="2017-10-16T02:26:31Z" finished-at="2017-10-16T02:26:35Z">
    <groups>
    </groups>
    <test name="Default test" duration-ms="3540" started-at="2017-10-16T02:26:31Z" finished-at="2017-10-16T02:26:35Z">
      <class name="postRequest.postRequestDemo">
        <test-method status="PASS" signature="setUp()[pri:0, instance:postRequest.postRequestDemo@396a51ab]" name="setUp" is-config="true" duration-ms="391" started-at="2017-10-15T19:26:31Z" finished-at="2017-10-15T19:26:31Z">
          <reporter-output>
          </reporter-output>
        </test-method> <!-- setUp -->
        <test-method status="PASS" signature="postRequestStatus()[pri:0, instance:postRequest.postRequestDemo@396a51ab]" name="postRequestStatus" duration-ms="3131" started-at="2017-10-15T19:26:31Z" finished-at="2017-10-15T19:26:35Z">
          <reporter-output>
          </reporter-output>
        </test-method> <!-- postRequestStatus -->
      </class> <!-- postRequest.postRequestDemo -->
    </test> <!-- Default test -->
  </suite> <!-- Default suite -->
</testng-results>
